Symlinking /home/theis/SoftwareFrameworksAS/catkin_ws/devel/share/gennodejs/ros/hello_ros/_index.js
Symlinking /home/theis/SoftwareFrameworksAS/catkin_ws/devel/share/gennodejs/ros/hello_ros/msg/_index.js
Symlinking /home/theis/SoftwareFrameworksAS/catkin_ws/devel/share/gennodejs/ros/hello_ros/msg/turtle.js
Symlinking /home/theis/SoftwareFrameworksAS/catkin_ws/devel/share/common-lisp/ros/hello_ros/msg/_package.lisp
Symlinking /home/theis/SoftwareFrameworksAS/catkin_ws/devel/share/common-lisp/ros/hello_ros/msg/_package_turtle.lisp
Symlinking /home/theis/SoftwareFrameworksAS/catkin_ws/devel/share/common-lisp/ros/hello_ros/msg/hello_ros-msg.asd
Symlinking /home/theis/SoftwareFrameworksAS/catkin_ws/devel/share/common-lisp/ros/hello_ros/msg/turtle.lisp
Symlinking /home/theis/SoftwareFrameworksAS/catkin_ws/devel/share/hello_ros/cmake/hello_ros-msg-extras.cmake
Symlinking /home/theis/SoftwareFrameworksAS/catkin_ws/devel/share/hello_ros/cmake/hello_rosConfig.cmake
Symlinking /home/theis/SoftwareFrameworksAS/catkin_ws/devel/share/hello_ros/cmake/hello_ros-msg-paths.cmake
Symlinking /home/theis/SoftwareFrameworksAS/catkin_ws/devel/share/hello_ros/cmake/hello_rosConfig-version.cmake
Symlinking /home/theis/SoftwareFrameworksAS/catkin_ws/devel/share/roseus/ros/hello_ros/manifest.l
Symlinking /home/theis/SoftwareFrameworksAS/catkin_ws/devel/share/roseus/ros/hello_ros/msg/turtle.l
Symlinking /home/theis/SoftwareFrameworksAS/catkin_ws/devel/include/hello_ros/turtle.h
Symlinking /home/theis/SoftwareFrameworksAS/catkin_ws/devel/lib/pkgconfig/hello_ros.pc
Symlinking /home/theis/SoftwareFrameworksAS/catkin_ws/devel/lib/python2.7/dist-packages/hello_ros/__init__.py
Symlinking /home/theis/SoftwareFrameworksAS/catkin_ws/devel/lib/python2.7/dist-packages/hello_ros/msg/__init__.py
Symlinking /home/theis/SoftwareFrameworksAS/catkin_ws/devel/lib/python2.7/dist-packages/hello_ros/msg/_turtle.py
Cleaning: (/home/theis/catkin_ws/devel/.private/hello_ros/cmake.lock, /home/theis/catkin_ws/devel/./cmake.lock)
Cleaning: (/home/theis/catkin_ws/devel/.private/hello_ros/share/gennodejs/ros/hello_ros/_index.js, /home/theis/catkin_ws/devel/share/gennodejs/ros/hello_ros/_index.js)
Cleaning: (/home/theis/catkin_ws/devel/.private/hello_ros/share/gennodejs/ros/hello_ros/msg/_index.js, /home/theis/catkin_ws/devel/share/gennodejs/ros/hello_ros/msg/_index.js)
Cleaning: (/home/theis/catkin_ws/devel/.private/hello_ros/share/gennodejs/ros/hello_ros/msg/turtle.js, /home/theis/catkin_ws/devel/share/gennodejs/ros/hello_ros/msg/turtle.js)
Cleaning: (/home/theis/catkin_ws/devel/.private/hello_ros/share/common-lisp/ros/hello_ros/msg/_package.lisp, /home/theis/catkin_ws/devel/share/common-lisp/ros/hello_ros/msg/_package.lisp)
Cleaning: (/home/theis/catkin_ws/devel/.private/hello_ros/share/common-lisp/ros/hello_ros/msg/_package_turtle.lisp, /home/theis/catkin_ws/devel/share/common-lisp/ros/hello_ros/msg/_package_turtle.lisp)
Cleaning: (/home/theis/catkin_ws/devel/.private/hello_ros/share/common-lisp/ros/hello_ros/msg/hello_ros-msg.asd, /home/theis/catkin_ws/devel/share/common-lisp/ros/hello_ros/msg/hello_ros-msg.asd)
Cleaning: (/home/theis/catkin_ws/devel/.private/hello_ros/share/common-lisp/ros/hello_ros/msg/turtle.lisp, /home/theis/catkin_ws/devel/share/common-lisp/ros/hello_ros/msg/turtle.lisp)
Cleaning: (/home/theis/catkin_ws/devel/.private/hello_ros/share/hello_ros/cmake/hello_ros-msg-extras.cmake, /home/theis/catkin_ws/devel/share/hello_ros/cmake/hello_ros-msg-extras.cmake)
Cleaning: (/home/theis/catkin_ws/devel/.private/hello_ros/share/hello_ros/cmake/hello_rosConfig.cmake, /home/theis/catkin_ws/devel/share/hello_ros/cmake/hello_rosConfig.cmake)
Cleaning: (/home/theis/catkin_ws/devel/.private/hello_ros/share/hello_ros/cmake/hello_ros-msg-paths.cmake, /home/theis/catkin_ws/devel/share/hello_ros/cmake/hello_ros-msg-paths.cmake)
Cleaning: (/home/theis/catkin_ws/devel/.private/hello_ros/share/hello_ros/cmake/hello_rosConfig-version.cmake, /home/theis/catkin_ws/devel/share/hello_ros/cmake/hello_rosConfig-version.cmake)
Cleaning: (/home/theis/catkin_ws/devel/.private/hello_ros/share/roseus/ros/hello_ros/manifest.l, /home/theis/catkin_ws/devel/share/roseus/ros/hello_ros/manifest.l)
Cleaning: (/home/theis/catkin_ws/devel/.private/hello_ros/share/roseus/ros/hello_ros/msg/turtle.l, /home/theis/catkin_ws/devel/share/roseus/ros/hello_ros/msg/turtle.l)
Cleaning: (/home/theis/catkin_ws/devel/.private/hello_ros/include/hello_ros/turtle.h, /home/theis/catkin_ws/devel/include/hello_ros/turtle.h)
Cleaning: (/home/theis/catkin_ws/devel/.private/hello_ros/lib/pkgconfig/hello_ros.pc, /home/theis/catkin_ws/devel/lib/pkgconfig/hello_ros.pc)
Cleaning: (/home/theis/catkin_ws/devel/.private/hello_ros/lib/python2.7/dist-packages/hello_ros/__init__.py, /home/theis/catkin_ws/devel/lib/python2.7/dist-packages/hello_ros/__init__.py)
Cleaning: (/home/theis/catkin_ws/devel/.private/hello_ros/lib/python2.7/dist-packages/hello_ros/msg/__init__.py, /home/theis/catkin_ws/devel/lib/python2.7/dist-packages/hello_ros/msg/__init__.py)
Cleaning: (/home/theis/catkin_ws/devel/.private/hello_ros/lib/python2.7/dist-packages/hello_ros/msg/_turtle.py, /home/theis/catkin_ws/devel/lib/python2.7/dist-packages/hello_ros/msg/_turtle.py)
Unlinking: /home/theis/catkin_ws/devel/share/gennodejs/ros/hello_ros/_index.js
Already unlinked: {}
Unlinking: /home/theis/catkin_ws/devel/share/gennodejs/ros/hello_ros/msg/_index.js
Already unlinked: {}
Unlinking: /home/theis/catkin_ws/devel/share/gennodejs/ros/hello_ros/msg/turtle.js
Already unlinked: {}
Unlinking: /home/theis/catkin_ws/devel/share/common-lisp/ros/hello_ros/msg/_package.lisp
Already unlinked: {}
Unlinking: /home/theis/catkin_ws/devel/share/common-lisp/ros/hello_ros/msg/_package_turtle.lisp
Already unlinked: {}
Unlinking: /home/theis/catkin_ws/devel/share/common-lisp/ros/hello_ros/msg/hello_ros-msg.asd
Already unlinked: {}
Unlinking: /home/theis/catkin_ws/devel/share/common-lisp/ros/hello_ros/msg/turtle.lisp
Already unlinked: {}
Unlinking: /home/theis/catkin_ws/devel/share/hello_ros/cmake/hello_ros-msg-extras.cmake
Already unlinked: {}
Unlinking: /home/theis/catkin_ws/devel/share/hello_ros/cmake/hello_rosConfig.cmake
Already unlinked: {}
Unlinking: /home/theis/catkin_ws/devel/share/hello_ros/cmake/hello_ros-msg-paths.cmake
Already unlinked: {}
Unlinking: /home/theis/catkin_ws/devel/share/hello_ros/cmake/hello_rosConfig-version.cmake
Already unlinked: {}
Unlinking: /home/theis/catkin_ws/devel/share/roseus/ros/hello_ros/manifest.l
Already unlinked: {}
Unlinking: /home/theis/catkin_ws/devel/share/roseus/ros/hello_ros/msg/turtle.l
Already unlinked: {}
Unlinking: /home/theis/catkin_ws/devel/include/hello_ros/turtle.h
Already unlinked: {}
Unlinking: /home/theis/catkin_ws/devel/lib/pkgconfig/hello_ros.pc
Already unlinked: {}
Unlinking: /home/theis/catkin_ws/devel/lib/python2.7/dist-packages/hello_ros/__init__.py
Already unlinked: {}
Unlinking: /home/theis/catkin_ws/devel/lib/python2.7/dist-packages/hello_ros/msg/__init__.py
Already unlinked: {}
Unlinking: /home/theis/catkin_ws/devel/lib/python2.7/dist-packages/hello_ros/msg/_turtle.py
Already unlinked: {}
