Determining if the pthread_create exist failed with the following output:
Change Dir: /home/theis/SoftwareFrameworksAS/catkin_ws/build/beginner_tutorials/CMakeFiles/CMakeTmp

Run Build Command:"/usr/bin/make" "cmTC_e3fd0/fast"
/usr/bin/make -f CMakeFiles/cmTC_e3fd0.dir/build.make CMakeFiles/cmTC_e3fd0.dir/build
make[1]: Entering directory '/home/theis/SoftwareFrameworksAS/catkin_ws/build/beginner_tutorials/CMakeFiles/CMakeTmp'
Building C object CMakeFiles/cmTC_e3fd0.dir/CheckSymbolExists.c.o
/usr/bin/cc    -o CMakeFiles/cmTC_e3fd0.dir/CheckSymbolExists.c.o   -c /home/theis/SoftwareFrameworksAS/catkin_ws/build/beginner_tutorials/CMakeFiles/CMakeTmp/CheckSymbolExists.c
Linking C executable cmTC_e3fd0
/usr/bin/cmake -E cmake_link_script CMakeFiles/cmTC_e3fd0.dir/link.txt --verbose=1
/usr/bin/cc      -rdynamic CMakeFiles/cmTC_e3fd0.dir/CheckSymbolExists.c.o  -o cmTC_e3fd0 
CMakeFiles/cmTC_e3fd0.dir/CheckSymbolExists.c.o: In function `main':
CheckSymbolExists.c:(.text+0x1b): undefined reference to `pthread_create'
collect2: error: ld returned 1 exit status
CMakeFiles/cmTC_e3fd0.dir/build.make:97: recipe for target 'cmTC_e3fd0' failed
make[1]: *** [cmTC_e3fd0] Error 1
make[1]: Leaving directory '/home/theis/SoftwareFrameworksAS/catkin_ws/build/beginner_tutorials/CMakeFiles/CMakeTmp'
Makefile:126: recipe for target 'cmTC_e3fd0/fast' failed
make: *** [cmTC_e3fd0/fast] Error 2

File /home/theis/SoftwareFrameworksAS/catkin_ws/build/beginner_tutorials/CMakeFiles/CMakeTmp/CheckSymbolExists.c:
/* */
#include <pthread.h>

int main(int argc, char** argv)
{
  (void)argv;
#ifndef pthread_create
  return ((int*)(&pthread_create))[argc];
#else
  (void)argc;
  return 0;
#endif
}

Determining if the function pthread_create exists in the pthreads failed with the following output:
Change Dir: /home/theis/SoftwareFrameworksAS/catkin_ws/build/beginner_tutorials/CMakeFiles/CMakeTmp

Run Build Command:"/usr/bin/make" "cmTC_df178/fast"
/usr/bin/make -f CMakeFiles/cmTC_df178.dir/build.make CMakeFiles/cmTC_df178.dir/build
make[1]: Entering directory '/home/theis/SoftwareFrameworksAS/catkin_ws/build/beginner_tutorials/CMakeFiles/CMakeTmp'
Building C object CMakeFiles/cmTC_df178.dir/CheckFunctionExists.c.o
/usr/bin/cc   -DCHECK_FUNCTION_EXISTS=pthread_create   -o CMakeFiles/cmTC_df178.dir/CheckFunctionExists.c.o   -c /usr/share/cmake-3.10/Modules/CheckFunctionExists.c
Linking C executable cmTC_df178
/usr/bin/cmake -E cmake_link_script CMakeFiles/cmTC_df178.dir/link.txt --verbose=1
/usr/bin/cc  -DCHECK_FUNCTION_EXISTS=pthread_create    -rdynamic CMakeFiles/cmTC_df178.dir/CheckFunctionExists.c.o  -o cmTC_df178 -lpthreads 
/usr/bin/ld: cannot find -lpthreads
collect2: error: ld returned 1 exit status
CMakeFiles/cmTC_df178.dir/build.make:97: recipe for target 'cmTC_df178' failed
make[1]: *** [cmTC_df178] Error 1
make[1]: Leaving directory '/home/theis/SoftwareFrameworksAS/catkin_ws/build/beginner_tutorials/CMakeFiles/CMakeTmp'
Makefile:126: recipe for target 'cmTC_df178/fast' failed
make: *** [cmTC_df178/fast] Error 2


